<?xml version="1.0" encoding="UTF-8"?>
<!-- Generated by org.testng.reporters.JUnitReportReporter -->
<testsuite hostname="LAPTOP-ITFBKBJ4" failures="0" tests="4" name="testLayer.LoginTest" time="44.370" errors="0" timestamp="2021-06-14T19:15:14 EDT" skipped="0">
  <testcase classname="testLayer.LoginTest" name="Title" time="7.860"/>
  <system-out/>
  <testcase classname="testLayer.LoginTest" name="Login" time="11.613"/>
  <system-out/>
  <testcase classname="testLayer.LoginTest" name="Login" time="13.516"/>
  <system-out/>
  <testcase classname="testLayer.LoginTest" name="Login" time="11.381"/>
  <system-out/>
</testsuite> <!-- testLayer.LoginTest -->
